<?xml version="1.0" encoding="UTF-8"?>
<testng-results ignored="0" total="1" passed="1" failed="0" skipped="0">
  <reporter-output>
  </reporter-output>
  <suite started-at="2022-11-21T15:06:08 MST" name="Surefire suite" finished-at="2022-11-21T15:06:12 MST" duration-ms="3586">
    <groups>
    </groups>
    <test started-at="2022-11-21T15:06:08 MST" name="Surefire test" finished-at="2022-11-21T15:06:12 MST" duration-ms="3586">
      <class name="SampleTest">
        <test-method signature="Test1()[pri:0, instance:SampleTest@534df152]" started-at="2022-11-21T15:06:08 MST" name="Test1" finished-at="2022-11-21T15:06:12 MST" duration-ms="3552" status="PASS">
          <reporter-output>
          </reporter-output>
        </test-method> <!-- Test1 -->
      </class> <!-- SampleTest -->
    </test> <!-- Surefire test -->
  </suite> <!-- Surefire suite -->
</testng-results>
